<?xml version="1.0" encoding="UTF-8"?>
<testsuite xmlns:xsi="http://www.w3.org/2001/XMLSchema-instance" xsi:noNamespaceSchemaLocation="https://maven.apache.org/surefire/maven-surefire-plugin/xsd/surefire-test-report.xsd" version="3.0.2" name="com.Inovatech.Java.Inovatech.JavaInovatechApplicationTests" time="9.77" tests="1" errors="0" skipped="0" failures="0">
  <properties>
[...]
</properties>
  <testcase name="contextLoads" classname="com.Inovatech.Java.Inovatech.JavaInovatechApplicationTests" time="0.395">
    <system-out><![CDATA[14:53:32.806 [main] INFO org.springframework.test.context.support.AnnotationConfigContextLoaderUtils -- Could not detect default configuration classes for test class [com.Inovatech.Java.Inovatech.JavaInovatechApplicationTests]: JavaInovatechApplicationTests does not declare any static, non-private, non-final, nested classes annotated with @Configuration.
14:53:32.913 [main] INFO org.springframework.boot.test.context.SpringBootTestContextBootstrapper -- Found @SpringBootConfiguration com.Inovatech.Java.Inovatech.JavaInovatechApplication for test class com.Inovatech.Java.Inovatech.JavaInovatechApplicationTests
14:53:33.054 [main] INFO org.springframework.boot.devtools.restart.RestartApplicationListener -- Restart disabled due to context in which it is running

  .   ____          _            __ _ _
 /\\ / ___'_ __ _ _(_)_ __  __ _ \ \ \ \
( ( )\___ | '_ | '_| | '_ \/ _` | \ \ \ \
 \\/  ___)| |_)| | | | | || (_| |  ) ) ) )
  '  |____| .__|_| |_|_| |_\__, | / / / /
 =========|_|==============|___/=/_/_/_/

 :: Spring Boot ::                (v3.4.1)

2025-01-29T14:53:33.306-03:00  INFO 7184 --- [Java-Inovatech] [           main] c.I.J.I.JavaInovatechApplicationTests    : Starting JavaInovatechApplicationTests using Java 17.0.13 with PID 7184 (started by cliffordreis in /home/cliffordreis/Documents/workspaces/Inovatech-Java)
2025-01-29T14:53:33.308-03:00  INFO 7184 --- [Java-Inovatech] [           main] c.I.J.I.JavaInovatechApplicationTests    : No active profile set, falling back to 1 default profile: "default"
2025-01-29T14:53:34.152-03:00  INFO 7184 --- [Java-Inovatech] [           main] .s.d.r.c.RepositoryConfigurationDelegate : Bootstrapping Spring Data JPA repositories in DEFAULT mode.
2025-01-29T14:53:34.232-03:00  INFO 7184 --- [Java-Inovatech] [           main] .s.d.r.c.RepositoryConfigurationDelegate : Finished Spring Data repository scanning in 66 ms. Found 5 JPA repository interfaces.
2025-01-29T14:53:34.876-03:00  INFO 7184 --- [Java-Inovatech] [           main] o.hibernate.jpa.internal.util.LogHelper  : HHH000204: Processing PersistenceUnitInfo [name: default]
2025-01-29T14:53:34.944-03:00  INFO 7184 --- [Java-Inovatech] [           main] org.hibernate.Version                    : HHH000412: Hibernate ORM core version 6.6.4.Final
2025-01-29T14:53:34.997-03:00  INFO 7184 --- [Java-Inovatech] [           main] o.h.c.internal.RegionFactoryInitiator    : HHH000026: Second-level cache disabled
2025-01-29T14:53:35.386-03:00  INFO 7184 --- [Java-Inovatech] [           main] o.s.o.j.p.SpringPersistenceUnitInfo      : No LoadTimeWeaver setup: ignoring JPA class transformer
2025-01-29T14:53:35.429-03:00  INFO 7184 --- [Java-Inovatech] [           main] com.zaxxer.hikari.HikariDataSource       : HikariPool-1 - Starting...
2025-01-29T14:53:35.806-03:00  INFO 7184 --- [Java-Inovatech] [           main] com.zaxxer.hikari.pool.HikariPool        : HikariPool-1 - Added connection com.mysql.cj.jdbc.ConnectionImpl@2b99c937
2025-01-29T14:53:35.809-03:00  INFO 7184 --- [Java-Inovatech] [           main] com.zaxxer.hikari.HikariDataSource       : HikariPool-1 - Start completed.
2025-01-29T14:53:35.860-03:00  WARN 7184 --- [Java-Inovatech] [           main] org.hibernate.orm.deprecation            : HHH90000025: MySQL8Dialect does not need to be specified explicitly using 'hibernate.dialect' (remove the property setting and it will be selected by default)
2025-01-29T14:53:35.862-03:00  WARN 7184 --- [Java-Inovatech] [           main] org.hibernate.orm.deprecation            : HHH90000026: MySQL8Dialect has been deprecated; use org.hibernate.dialect.MySQLDialect instead
2025-01-29T14:53:35.882-03:00  INFO 7184 --- [Java-Inovatech] [           main] org.hibernate.orm.connections.pooling    : HHH10001005: Database info:
	Database JDBC URL [Connecting through datasource 'HikariDataSource (HikariPool-1)']
	Database driver: undefined/unknown
	Database version: 8.0
	Autocommit mode: undefined/unknown
	Isolation level: undefined/unknown
	Minimum pool size: undefined/unknown
	Maximum pool size: undefined/unknown
2025-01-29T14:53:36.905-03:00  INFO 7184 --- [Java-Inovatech] [           main] o.h.e.t.j.p.i.JtaPlatformInitiator       : HHH000489: No JTA platform available (set 'hibernate.transaction.jta.platform' to enable JTA platform integration)
2025-01-29T14:53:37.004-03:00  INFO 7184 --- [Java-Inovatech] [           main] j.LocalContainerEntityManagerFactoryBean : Initialized JPA EntityManagerFactory for persistence unit 'default'
2025-01-29T14:53:37.401-03:00  INFO 7184 --- [Java-Inovatech] [           main] o.s.d.j.r.query.QueryEnhancerFactory     : Hibernate is in classpath; If applicable, HQL parser will be used.
2025-01-29T14:53:38.068-03:00  WARN 7184 --- [Java-Inovatech] [           main] JpaBaseConfiguration$JpaWebConfiguration : spring.jpa.open-in-view is enabled by default. Therefore, database queries may be performed during view rendering. Explicitly configure spring.jpa.open-in-view to disable this warning
2025-01-29T14:53:38.108-03:00  INFO 7184 --- [Java-Inovatech] [           main] r$InitializeUserDetailsManagerConfigurer : Global AuthenticationManager configured with UserDetailsService bean with name clienteDetailsService
2025-01-29T14:53:38.470-03:00 DEBUG 7184 --- [Java-Inovatech] [           main] o.s.s.web.DefaultSecurityFilterChain     : Will secure any request with filters: DisableEncodeUrlFilter, WebAsyncManagerIntegrationFilter, SecurityContextHolderFilter, HeaderWriterFilter, LogoutFilter, UsernamePasswordAuthenticationFilter, RequestCacheAwareFilter, SecurityContextHolderAwareRequestFilter, AnonymousAuthenticationFilter, ExceptionTranslationFilter, AuthorizationFilter
2025-01-29T14:53:38.953-03:00  INFO 7184 --- [Java-Inovatech] [           main] o.s.a.r.c.CachingConnectionFactory       : Attempting to connect to: [rabbitmq.tericcabrel.com:5672]
2025-01-29T14:53:40.789-03:00  INFO 7184 --- [Java-Inovatech] [           main] o.s.a.r.c.CachingConnectionFactory       : Created new connection: rabbitConnectionFactory#4a544672:0/SimpleConnection@7af22a6 [delegate=amqp://admin@195.201.138.208:5672/, localPort=51524]
2025-01-29T14:53:42.026-03:00  INFO 7184 --- [Java-Inovatech] [           main] c.I.J.I.JavaInovatechApplicationTests    : Started JavaInovatechApplicationTests in 8.983 seconds (process running for 9.785)
]]></system-out>
  </testcase>
</testsuite>